<?xml version="1.0" encoding="UTF-8"?>
<!-- Generated by org.testng.reporters.JUnitReportReporter -->
<testsuite hostname="DESKTOP-3UNGVLQ" failures="0" tests="2" name="com.testng.TestNG.RunnerClass" time="32.221" errors="0" timestamp="2023-08-28T10:40:54 IST" skipped="0">
  <testcase classname="com.testng.TestNG.RunnerClass" name="login" time="18.147"/>
  <testcase classname="com.testng.TestNG.RunnerClass" name="pim" time="14.074"/>
</testsuite> <!-- com.testng.TestNG.RunnerClass -->
