<?xml version="1.0" encoding="UTF-8"?>
<!-- Generated by org.testng.reporters.JUnitReportReporter -->
<testsuite hostname="DESKTOP-3UNGVLQ" failures="0" tests="2" name="com.testng.TestNG.RunnerClass" time="36.562" errors="0" timestamp="2023-08-25T10:52:01 IST" skipped="0">
  <testcase classname="com.testng.TestNG.RunnerClass" name="login" time="3.618"/>
  <testcase classname="com.testng.TestNG.RunnerClass" name="pim" time="32.944"/>
</testsuite> <!-- com.testng.TestNG.RunnerClass -->
