<?xml version="1.0" encoding="UTF-8"?>
<!-- Generated by org.testng.reporters.JUnitReportReporter -->
<testsuite hostname="DESKTOP-3UNGVLQ" failures="0" tests="1" name="com.testng.TestNG.AssertTest" time="0.017" errors="0" timestamp="2023-08-23T11:03:00 IST" skipped="0">
  <testcase classname="com.testng.TestNG.AssertTest" name="demo" time="0.017"/>
</testsuite> <!-- com.testng.TestNG.AssertTest -->
