<?xml version="1.0" encoding="UTF-8"?>
<!-- Generated by org.testng.reporters.JUnitReportReporter -->
<testsuite hostname="DESKTOP-3UNGVLQ" failures="0" tests="3" name="com.testng.TestNG.Simple_Annotations" time="0.025" errors="0" timestamp="2023-08-14T11:18:39 IST" skipped="0">
  <testcase classname="com.testng.TestNG.Simple_Annotations" name="tshirts" time="0.006"/>
  <testcase classname="com.testng.TestNG.Simple_Annotations" name="dresses" time="0.011"/>
  <testcase classname="com.testng.TestNG.Simple_Annotations" name="women" time="0.008"/>
</testsuite> <!-- com.testng.TestNG.Simple_Annotations -->
